<?xml version="1.0" encoding="UTF-8"?>
<!-- Generated by org.testng.reporters.JUnitReportReporter -->
<testsuite hostname="DESKTOP-1K5HUI9" failures="0" tests="1" name="appiumTest.packageNactivity" time="25.788" errors="0" timestamp="2022-09-08T11:30:27 BDT" skipped="0">
  <testcase classname="appiumTest.packageNactivity" name="pNa" time="25.788"/>
  <system-out/>
</testsuite> <!-- appiumTest.packageNactivity -->
