<?xml version="1.0" encoding="UTF-8"?>
<!-- Generated by org.testng.reporters.JUnitReportReporter -->
<testsuite hostname="DESKTOP-1K5HUI9" failures="0" tests="1" name="appiumTest.Appium" time="7.523" errors="0" timestamp="2022-09-13T15:29:29 BDT" skipped="0">
  <testcase classname="appiumTest.Appium" name="AppiumTest" time="7.523"/>
  <system-out/>
</testsuite> <!-- appiumTest.Appium -->
