<?xml version="1.0" encoding="UTF-8"?>
<!-- Generated by org.testng.reporters.JUnitReportReporter -->
<testsuite hostname="DESKTOP-1K5HUI9" failures="0" tests="1" name="appiumTest.Scroll" time="48.074" errors="0" timestamp="2022-09-07T12:57:44 BDT" skipped="0">
  <testcase classname="appiumTest.Scroll" name="AppiumTest" time="48.074"/>
  <system-out/>
</testsuite> <!-- appiumTest.Scroll -->
