<?xml version="1.0" encoding="UTF-8"?>
<!-- Generated by org.testng.reporters.JUnitReportReporter -->
<testsuite hostname="DESKTOP-1K5HUI9" failures="0" tests="1" name="appiumTest.dragDrop" time="36.127" errors="0" timestamp="2022-09-07T17:52:53 BDT" skipped="0">
  <testcase classname="appiumTest.dragDrop" name="AppiumTest" time="36.127"/>
  <system-out/>
</testsuite> <!-- appiumTest.dragDrop -->
