<?xml version="1.0" encoding="UTF-8"?>
<!-- Generated by org.testng.reporters.JUnitReportReporter -->
<testsuite hostname="DESKTOP-1K5HUI9" failures="0" tests="1" name="appiumTest.LongPress" time="37.880" errors="0" timestamp="2022-09-07T11:41:51 BDT" skipped="0">
  <testcase classname="appiumTest.LongPress" name="AppiumTest" time="37.880"/>
  <system-out/>
</testsuite> <!-- appiumTest.LongPress -->
