<?xml version="1.0" encoding="UTF-8"?>
<!-- Generated by org.testng.reporters.JUnitReportReporter -->
<testsuite hostname="DESKTOP-1K5HUI9" failures="0" tests="1" name="appiumTest.swipe" time="35.593" errors="0" timestamp="2022-09-07T17:34:05 BDT" skipped="0">
  <testcase classname="appiumTest.swipe" name="AppiumTest" time="35.593"/>
  <system-out/>
</testsuite> <!-- appiumTest.swipe -->
