<?xml version="1.0" encoding="UTF-8"?>
<!-- Generated by org.testng.reporters.JUnitReportReporter -->
<testsuite hostname="DESKTOP-1K5HUI9" failures="0" tests="1" name="appiumTest.assignment1" time="43.129" errors="0" timestamp="2022-09-08T12:16:36 BDT" skipped="0">
  <testcase classname="appiumTest.assignment1" name="AppiumTest" time="43.129"/>
  <system-out/>
</testsuite> <!-- appiumTest.assignment1 -->
