<?xml version="1.0" encoding="UTF-8"?>
<!-- Generated by org.testng.reporters.JUnitReportReporter -->
<testsuite hostname="DESKTOP-1K5HUI9" failures="0" tests="1" name="appiumTest.eCommerce_tc_1" time="65.348" errors="0" timestamp="2022-09-20T16:29:26 BDT" skipped="0">
  <testcase classname="appiumTest.eCommerce_tc_1" name="FillForm" time="65.348"/>
  <system-out/>
</testsuite> <!-- appiumTest.eCommerce_tc_1 -->
